c:\users\mariodm1\documents\github\project1-shock-troopers\shock_troopers\shock_troopers\debug\vc142.pdb
c:\users\mariodm1\documents\github\project1-shock-troopers\shock_troopers\shock_troopers\debug\vc142.idb
c:\users\mariodm1\documents\github\project1-shock-troopers\shock_troopers\shock_troopers\debug\particle.obj
c:\users\mariodm1\documents\github\project1-shock-troopers\shock_troopers\shock_troopers\debug\modulewindow.obj
c:\users\mariodm1\documents\github\project1-shock-troopers\shock_troopers\shock_troopers\debug\moduletextures.obj
c:\users\mariodm1\documents\github\project1-shock-troopers\shock_troopers\shock_troopers\debug\modulescene.obj
c:\users\mariodm1\documents\github\project1-shock-troopers\shock_troopers\shock_troopers\debug\modulerender.obj
c:\users\mariodm1\documents\github\project1-shock-troopers\shock_troopers\shock_troopers\debug\moduleplayer.obj
c:\users\mariodm1\documents\github\project1-shock-troopers\shock_troopers\shock_troopers\debug\moduleparticles.obj
c:\users\mariodm1\documents\github\project1-shock-troopers\shock_troopers\shock_troopers\debug\moduleinput.obj
c:\users\mariodm1\documents\github\project1-shock-troopers\shock_troopers\shock_troopers\debug\modulecollisions.obj
c:\users\mariodm1\documents\github\project1-shock-troopers\shock_troopers\shock_troopers\debug\moduleaudio.obj
c:\users\mariodm1\documents\github\project1-shock-troopers\shock_troopers\shock_troopers\debug\module.obj
c:\users\mariodm1\documents\github\project1-shock-troopers\shock_troopers\shock_troopers\debug\main.obj
c:\users\mariodm1\documents\github\project1-shock-troopers\shock_troopers\shock_troopers\debug\globals.obj
c:\users\mariodm1\documents\github\project1-shock-troopers\shock_troopers\shock_troopers\debug\collider.obj
c:\users\mariodm1\documents\github\project1-shock-troopers\shock_troopers\shock_troopers\debug\application.obj
c:\users\mariodm1\documents\github\project1-shock-troopers\shock_troopers\shock_troopers\debug\shock_troopers.tlog\cl.command.1.tlog
c:\users\mariodm1\documents\github\project1-shock-troopers\shock_troopers\shock_troopers\debug\shock_troopers.tlog\cl.read.1.tlog
c:\users\mariodm1\documents\github\project1-shock-troopers\shock_troopers\shock_troopers\debug\shock_troopers.tlog\cl.write.1.tlog
c:\users\mariodm1\documents\github\project1-shock-troopers\shock_troopers\shock_troopers\debug\shock_troopers.tlog\link.command.1.tlog
c:\users\mariodm1\documents\github\project1-shock-troopers\shock_troopers\shock_troopers\debug\shock_troopers.tlog\link.read.1.tlog
c:\users\mariodm1\documents\github\project1-shock-troopers\shock_troopers\shock_troopers\debug\shock_troopers.tlog\link.write.1.tlog
